#
# There is insufficient memory for the Java Runtime Environment to continue.
# Native memory allocation (mmap) failed to map 16777216 bytes for G1 virtual space
# Possible reasons:
#   The system is out of physical RAM or swap space
#   The process is running with CompressedOops enabled, and the Java Heap may be blocking the growth of the native heap
# Possible solutions:
#   Reduce memory load on the system
#   Increase physical memory or swap space
#   Check if swap backing store is full
#   Decrease Java heap size (-Xmx/-Xms)
#   Decrease number of Java threads
#   Decrease Java thread stack sizes (-Xss)
#   Set larger code cache with -XX:ReservedCodeCacheSize=
#   JVM is running with Unscaled Compressed Oops mode in which the Java heap is
#     placed in the first 4GB address space. The Java Heap base address is the
#     maximum limit for the native heap growth. Please use -XX:HeapBaseMinAddress
#     to set the Java Heap base and to place the Java Heap above 4GB virtual address.
# This output file may be truncated or incomplete.
#
#  Out of Memory Error (os_windows.cpp:3527), pid=92644, tid=91680
#
# JRE version: Java(TM) SE Runtime Environment (19.0.1+10) (build 19.0.1+10-21)
# Java VM: Java HotSpot(TM) 64-Bit Server VM (19.0.1+10-21, mixed mode, sharing, tiered, compressed oops, compressed class ptrs, g1 gc, windows-amd64)
# No core dump will be written. Minidumps are not enabled by default on client versions of Windows
#

---------------  S U M M A R Y ------------

Command Line: -javaagent:C:\Program Files\JetBrains\IntelliJ IDEA Community Edition 2022.3.2\lib\idea_rt.jar=53886:C:\Program Files\JetBrains\IntelliJ IDEA Community Edition 2022.3.2\bin -Dfile.encoding=UTF-8 -Dsun.stdout.encoding=UTF-8 -Dsun.stderr.encoding=UTF-8 com.pacewisdom.admin.AdminApplication

Host: Intel(R) Core(TM) i5-1035G1 CPU @ 1.00GHz, 8 cores, 7G,  Windows 10 , 64 bit Build 21996 (10.0.21996.1)
Time: Mon Mar 13 13:03:52 2023 India Standard Time elapsed time: 6.863929 seconds (0d 0h 0m 6s)

---------------  T H R E A D  ---------------

Current thread (0x0000022b2a2f73d0):  VMThread "VM Thread" [stack: 0x000000d867100000,0x000000d867200000] [id=91680]

Stack: [0x000000d867100000,0x000000d867200000]
Native frames: (J=compiled Java code, j=interpreted, Vv=VM code, C=native code)
V  [jvm.dll+0x6ee8fa]
V  [jvm.dll+0x857a1e]
V  [jvm.dll+0x85940e]
V  [jvm.dll+0x859ac3]
V  [jvm.dll+0x28291f]
V  [jvm.dll+0x6eb6e9]
V  [jvm.dll+0x6e028a]
V  [jvm.dll+0x357136]
V  [jvm.dll+0x35eb96]
V  [jvm.dll+0x3b555e]
V  [jvm.dll+0x3b578f]
V  [jvm.dll+0x32c6ea]
V  [jvm.dll+0x32f276]
V  [jvm.dll+0x339df5]
V  [jvm.dll+0x372a40]
V  [jvm.dll+0x85ef83]
V  [jvm.dll+0x85fd49]
V  [jvm.dll+0x86027d]
V  [jvm.dll+0x86070b]
V  [jvm.dll+0x8607c7]
V  [jvm.dll+0x8015fa]
V  [jvm.dll+0x6ed5eb]
C  [ucrtbase.dll+0x26c0c]
C  [KERNEL32.DLL+0x154e0]
C  [ntdll.dll+0x485b]

VM_Operation (0x000000d866dffaa0): G1PauseRemark, mode: safepoint, requested by thread 0x0000022b09d68830


---------------  P R O C E S S  ---------------

Threads class SMR info:
_java_thread_list=0x0000022b31e9d7a0, length=36, elements={
0x0000022b09cf9230, 0x0000022b2a310020, 0x0000022b2a310c10, 0x0000022b2a3151c0,
0x0000022b2a315be0, 0x0000022b2a318df0, 0x0000022b2a321130, 0x0000022b2a321e80,
0x0000022b2a323800, 0x0000022b2a328190, 0x0000022b2a2e5150, 0x0000022b2e698390,
0x0000022b2e769630, 0x0000022b2e806120, 0x0000022b2f0f8750, 0x0000022b2ec38470,
0x0000022b2fb69020, 0x0000022b2fb6aab0, 0x0000022b2fb69ac0, 0x0000022b2fb6a560,
0x0000022b2fb6baa0, 0x0000022b2fb6bff0, 0x0000022b31fcb4a0, 0x0000022b31fca4b0,
0x0000022b31fc6a40, 0x0000022b31fcdf20, 0x0000022b31fcc490, 0x0000022b31fcc9e0,
0x0000022b31fcaa00, 0x0000022b31fc8a20, 0x0000022b31fc9a10, 0x0000022b31fccf30,
0x0000022b31fc8f70, 0x0000022b31fc9f60, 0x0000022b31fc6f90, 0x0000022b31fc84d0
}

Java Threads: ( => current thread )
  0x0000022b09cf9230 JavaThread "main" [_thread_blocked, id=97100, stack(0x000000d866b00000,0x000000d866c00000)]
  0x0000022b2a310020 JavaThread "Reference Handler" daemon [_thread_blocked, id=78608, stack(0x000000d867200000,0x000000d867300000)]
  0x0000022b2a310c10 JavaThread "Finalizer" daemon [_thread_blocked, id=70472, stack(0x000000d867300000,0x000000d867400000)]
  0x0000022b2a3151c0 JavaThread "Signal Dispatcher" daemon [_thread_blocked, id=94948, stack(0x000000d867400000,0x000000d867500000)]
  0x0000022b2a315be0 JavaThread "Attach Listener" daemon [_thread_blocked, id=89320, stack(0x000000d867500000,0x000000d867600000)]
  0x0000022b2a318df0 JavaThread "Service Thread" daemon [_thread_blocked, id=85540, stack(0x000000d867600000,0x000000d867700000)]
  0x0000022b2a321130 JavaThread "Monitor Deflation Thread" daemon [_thread_blocked, id=97084, stack(0x000000d867700000,0x000000d867800000)]
  0x0000022b2a321e80 JavaThread "C2 CompilerThread0" daemon [_thread_blocked, id=81456, stack(0x000000d867800000,0x000000d867900000)]
  0x0000022b2a323800 JavaThread "C1 CompilerThread0" daemon [_thread_blocked, id=80548, stack(0x000000d867900000,0x000000d867a00000)]
  0x0000022b2a328190 JavaThread "Sweeper thread" daemon [_thread_blocked, id=64476, stack(0x000000d867a00000,0x000000d867b00000)]
  0x0000022b2a2e5150 JavaThread "Common-Cleaner" daemon [_thread_blocked, id=87644, stack(0x000000d867b00000,0x000000d867c00000)]
  0x0000022b2e698390 JavaThread "C2 CompilerThread1" daemon [_thread_blocked, id=88876, stack(0x000000d867c00000,0x000000d867d00000)]
  0x0000022b2e769630 JavaThread "Monitor Ctrl-Break" daemon [_thread_in_native, id=84408, stack(0x000000d867d00000,0x000000d867e00000)]
  0x0000022b2e806120 JavaThread "Notification Thread" daemon [_thread_blocked, id=92700, stack(0x000000d867e00000,0x000000d867f00000)]
  0x0000022b2f0f8750 JavaThread "Thread-0" [_thread_blocked, id=97384, stack(0x000000d868000000,0x000000d868100000)]
  0x0000022b2ec38470 JavaThread "restartedMain" [_thread_blocked, id=60940, stack(0x000000d868100000,0x000000d868200000)]
  0x0000022b2fb69020 JavaThread "mysql-cj-abandoned-connection-cleanup" daemon [_thread_blocked, id=93436, stack(0x000000d868a00000,0x000000d868b00000)]
  0x0000022b2fb6aab0 JavaThread "HikariPool-1 housekeeper" daemon [_thread_blocked, id=96004, stack(0x000000d868c00000,0x000000d868d00000)]
  0x0000022b2fb69ac0 JavaThread "HikariPool-1 connection adder" daemon [_thread_blocked, id=82508, stack(0x000000d868d00000,0x000000d868e00000)]
  0x0000022b2fb6a560 JavaThread "Catalina-utility-1" [_thread_blocked, id=96892, stack(0x000000d868e00000,0x000000d868f00000)]
  0x0000022b2fb6baa0 JavaThread "Catalina-utility-2" [_thread_blocked, id=91304, stack(0x000000d868f00000,0x000000d869000000)]
  0x0000022b2fb6bff0 JavaThread "container-0" [_thread_blocked, id=73328, stack(0x000000d869000000,0x000000d869100000)]
  0x0000022b31fcb4a0 JavaThread "ClassGraph-worker-28" daemon [_thread_blocked, id=92436, stack(0x000000d869100000,0x000000d869200000)]
  0x0000022b31fca4b0 JavaThread "ClassGraph-worker-29" daemon [_thread_blocked, id=93080, stack(0x000000d869200000,0x000000d869300000)]
  0x0000022b31fc6a40 JavaThread "ClassGraph-worker-30" daemon [_thread_blocked, id=96540, stack(0x000000d869300000,0x000000d869400000)]
  0x0000022b31fcdf20 JavaThread "ClassGraph-worker-31" daemon [_thread_blocked, id=97284, stack(0x000000d869400000,0x000000d869500000)]
  0x0000022b31fcc490 JavaThread "ClassGraph-worker-32" daemon [_thread_blocked, id=92368, stack(0x000000d869500000,0x000000d869600000)]
  0x0000022b31fcc9e0 JavaThread "ClassGraph-worker-33" daemon [_thread_blocked, id=97540, stack(0x000000d869600000,0x000000d869700000)]
  0x0000022b31fcaa00 JavaThread "ClassGraph-worker-34" daemon [_thread_blocked, id=36640, stack(0x000000d869700000,0x000000d869800000)]
  0x0000022b31fc8a20 JavaThread "ClassGraph-worker-35" daemon [_thread_blocked, id=5460, stack(0x000000d869800000,0x000000d869900000)]
  0x0000022b31fc9a10 JavaThread "ClassGraph-worker-36" daemon [_thread_blocked, id=96032, stack(0x000000d869900000,0x000000d869a00000)]
  0x0000022b31fccf30 JavaThread "ClassGraph-worker-37" daemon [_thread_blocked, id=96992, stack(0x000000d869a00000,0x000000d869b00000)]
  0x0000022b31fc8f70 JavaThread "ClassGraph-worker-38" daemon [_thread_blocked, id=98144, stack(0x000000d869b00000,0x000000d869c00000)]
  0x0000022b31fc9f60 JavaThread "ClassGraph-worker-39" daemon [_thread_blocked, id=97788, stack(0x000000d869c00000,0x000000d869d00000)]
  0x0000022b31fc6f90 JavaThread "ClassGraph-worker-40" daemon [_thread_blocked, id=97800, stack(0x000000d869d00000,0x000000d869e00000)]
  0x0000022b31fc84d0 JavaThread "ClassGraph-worker-41" daemon [_thread_blocked, id=98008, stack(0x000000d869e00000,0x000000d869f00000)]

Other Threads:
=>0x0000022b2a2f73d0 VMThread "VM Thread" [stack: 0x000000d867100000,0x000000d867200000] [id=91680]
  0x0000022b2e7e1970 WatcherThread "VM Periodic Task Thread" [stack: 0x000000d867f00000,0x000000d868000000] [id=95652]
  0x0000022b09d57f30 WorkerThread "GC Thread#0" [stack: 0x000000d866c00000,0x000000d866d00000] [id=89108]
  0x0000022b2f2872c0 WorkerThread "GC Thread#1" [stack: 0x000000d868200000,0x000000d868300000] [id=98248]
  0x0000022b2f3f5020 WorkerThread "GC Thread#2" [stack: 0x000000d868300000,0x000000d868400000] [id=98280]
  0x0000022b2f430130 WorkerThread "GC Thread#3" [stack: 0x000000d868400000,0x000000d868500000] [id=93088]
  0x0000022b2f42f320 WorkerThread "GC Thread#4" [stack: 0x000000d868500000,0x000000d868600000] [id=86812]
  0x0000022b2f430c70 WorkerThread "GC Thread#5" [stack: 0x000000d868600000,0x000000d868700000] [id=95196]
  0x0000022b2f430400 WorkerThread "GC Thread#6" [stack: 0x000000d868700000,0x000000d868800000] [id=85944]
  0x0000022b2f4306d0 WorkerThread "GC Thread#7" [stack: 0x000000d868800000,0x000000d868900000] [id=97644]
  0x0000022b09d68830 ConcurrentGCThread "G1 Main Marker" [stack: 0x000000d866d00000,0x000000d866e00000] [id=86520]
  0x0000022b09d6aa10 WorkerThread "G1 Conc#0" [stack: 0x000000d866e00000,0x000000d866f00000] [id=85516]
  0x0000022b2f42fb90 WorkerThread "G1 Conc#1" [stack: 0x000000d868900000,0x000000d868a00000] [id=90424]
  0x0000022b2a1af530 ConcurrentGCThread "G1 Refine#0" [stack: 0x000000d866f00000,0x000000d867000000] [id=38976]
  0x0000022b2a1b1f80 ConcurrentGCThread "G1 Service" [stack: 0x000000d867000000,0x000000d867100000] [id=86868]

Threads with active compile tasks:
C2 CompilerThread0     6888 6645   !   4       java.util.concurrent.ConcurrentHashMap::transfer (849 bytes)
C2 CompilerThread1     6888 6607 %     4       nonapi.io.github.classgraph.fastzipfilereader.LogicalZipFile::parseManifest @ 967 (1070 bytes)

VM state: at safepoint (normal execution)

VM Mutex/Monitor currently owned by a thread:  ([mutex/lock_event])
[0x0000022b09cf3b10] Threads_lock - owner thread: 0x0000022b2a2f73d0
[0x0000022b09cf38d0] Heap_lock - owner thread: 0x0000022b09d68830

Heap address: 0x0000000084000000, size: 1984 MB, Compressed Oops mode: 32-bit

CDS archive(s) mapped at: [0x0000000800000000-0x0000000800c40000-0x0000000800c40000), size 12845056, SharedBaseAddress: 0x0000000800000000, ArchiveRelocationMode: 0.
Compressed class space mapped at: 0x0000000801000000-0x0000000841000000, reserved size: 1073741824
Narrow klass base: 0x0000000800000000, Narrow klass shift: 0, Narrow klass range: 0x100000000

GC Precious Log:
 CardTable entry size: 512
 Card Set container configuration: InlinePtr #cards 5 size 8 Array Of Cards #cards 12 size 40 Howl #buckets 4 coarsen threshold 1843 Howl Bitmap #cards 512 size 80 coarsen threshold 460 Card regions per heap region 1 cards per card region 2048
 CPUs: 8 total, 8 available
 Memory: 7934M
 Large Page Support: Disabled
 NUMA Support: Disabled
 Compressed Oops: Enabled (32-bit)
 Heap Region Size: 1M
 Heap Min Capacity: 8M
 Heap Initial Capacity: 124M
 Heap Max Capacity: 1984M
 Pre-touch: Disabled
 Parallel Workers: 8
 Concurrent Workers: 2
 Concurrent Refinement Workers: 8
 Periodic GC: Disabled

Heap:
 garbage-first heap   total 75776K, used 52305K [0x0000000084000000, 0x0000000100000000)
  region size 1024K, 14 young (14336K), 2 survivors (2048K)
 Metaspace       used 64844K, committed 65408K, reserved 1114112K
  class space    used 8361K, committed 8640K, reserved 1048576K

Heap Regions: E=young(eden), S=young(survivor), O=old, HS=humongous(starts), HC=humongous(continues), CS=collection set, F=free, OA=open archive, CA=closed archive, TAMS=top-at-mark-start (previous, next)
|   0|0x0000000084000000, 0x0000000084100000, 0x0000000084100000|100%|HS|  |TAMS 0x0000000084100000, 0x0000000084000000| Complete 
|   1|0x0000000084100000, 0x0000000084200000, 0x0000000084200000|100%| O|  |TAMS 0x0000000084200000, 0x0000000084100000| Untracked 
|   2|0x0000000084200000, 0x0000000084300000, 0x0000000084300000|100%| O|  |TAMS 0x0000000084300000, 0x0000000084200000| Untracked 
|   3|0x0000000084300000, 0x0000000084400000, 0x0000000084400000|100%| O|  |TAMS 0x0000000084400000, 0x0000000084300000| Untracked 
|   4|0x0000000084400000, 0x0000000084500000, 0x0000000084500000|100%| O|  |TAMS 0x0000000084500000, 0x0000000084400000| Untracked 
|   5|0x0000000084500000, 0x0000000084600000, 0x0000000084600000|100%| O|  |TAMS 0x0000000084600000, 0x0000000084500000| Untracked 
|   6|0x0000000084600000, 0x0000000084700000, 0x0000000084700000|100%| O|  |TAMS 0x0000000084700000, 0x0000000084600000| Untracked 
|   7|0x0000000084700000, 0x0000000084800000, 0x0000000084800000|100%| O|  |TAMS 0x0000000084800000, 0x0000000084700000| Untracked 
|   8|0x0000000084800000, 0x0000000084900000, 0x0000000084900000|100%| O|  |TAMS 0x0000000084900000, 0x0000000084800000| Untracked 
|   9|0x0000000084900000, 0x0000000084a00000, 0x0000000084a00000|100%| O|  |TAMS 0x0000000084a00000, 0x0000000084900000| Untracked 
|  10|0x0000000084a00000, 0x0000000084b00000, 0x0000000084b00000|100%| O|  |TAMS 0x0000000084b00000, 0x0000000084a00000| Untracked 
|  11|0x0000000084b00000, 0x0000000084c00000, 0x0000000084c00000|100%| O|  |TAMS 0x0000000084c00000, 0x0000000084b00000| Untracked 
|  12|0x0000000084c00000, 0x0000000084d00000, 0x0000000084d00000|100%| O|  |TAMS 0x0000000084d00000, 0x0000000084c00000| Untracked 
|  13|0x0000000084d00000, 0x0000000084e00000, 0x0000000084e00000|100%| O|  |TAMS 0x0000000084e00000, 0x0000000084d00000| Untracked 
|  14|0x0000000084e00000, 0x0000000084f00000, 0x0000000084f00000|100%| O|  |TAMS 0x0000000084f00000, 0x0000000084e00000| Untracked 
|  15|0x0000000084f00000, 0x0000000084f00000, 0x0000000085000000|  0%| F|  |TAMS 0x0000000084f00000, 0x0000000084f00000| Untracked 
|  16|0x0000000085000000, 0x0000000085100000, 0x0000000085100000|100%| O|  |TAMS 0x0000000085100000, 0x0000000085000000| Untracked 
|  17|0x0000000085100000, 0x0000000085200000, 0x0000000085200000|100%| O|  |TAMS 0x0000000085200000, 0x0000000085100000| Untracked 
|  18|0x0000000085200000, 0x0000000085300000, 0x0000000085300000|100%| O|  |TAMS 0x0000000085300000, 0x0000000085200000| Untracked 
|  19|0x0000000085300000, 0x0000000085400000, 0x0000000085400000|100%| O|  |TAMS 0x0000000085400000, 0x0000000085300000| Untracked 
|  20|0x0000000085400000, 0x0000000085500000, 0x0000000085500000|100%| O|  |TAMS 0x0000000085500000, 0x0000000085400000| Untracked 
|  21|0x0000000085500000, 0x0000000085600000, 0x0000000085600000|100%| O|  |TAMS 0x0000000085600000, 0x0000000085500000| Untracked 
|  22|0x0000000085600000, 0x0000000085700000, 0x0000000085700000|100%| O|  |TAMS 0x0000000085700000, 0x0000000085600000| Untracked 
|  23|0x0000000085700000, 0x0000000085800000, 0x0000000085800000|100%| O|  |TAMS 0x0000000085800000, 0x0000000085700000| Untracked 
|  24|0x0000000085800000, 0x0000000085900000, 0x0000000085900000|100%| O|  |TAMS 0x0000000085900000, 0x0000000085800000| Untracked 
|  25|0x0000000085900000, 0x0000000085a00000, 0x0000000085a00000|100%| O|  |TAMS 0x0000000085a00000, 0x0000000085900000| Untracked 
|  26|0x0000000085a00000, 0x0000000085b00000, 0x0000000085b00000|100%| O|  |TAMS 0x0000000085b00000, 0x0000000085a00000| Updating 
|  27|0x0000000085b00000, 0x0000000085c00000, 0x0000000085c00000|100%| O|  |TAMS 0x0000000085c00000, 0x0000000085b00000| Untracked 
|  28|0x0000000085c00000, 0x0000000085d00000, 0x0000000085d00000|100%| O|  |TAMS 0x0000000085d00000, 0x0000000085c00000| Untracked 
|  29|0x0000000085d00000, 0x0000000085e00000, 0x0000000085e00000|100%| O|  |TAMS 0x0000000085e00000, 0x0000000085d00000| Updating 
|  30|0x0000000085e00000, 0x0000000085f00000, 0x0000000085f00000|100%| O|  |TAMS 0x0000000085f00000, 0x0000000085e00000| Updating 
|  31|0x0000000085f00000, 0x0000000086000000, 0x0000000086000000|100%| O|  |TAMS 0x0000000086000000, 0x0000000085f00000| Updating 
|  32|0x0000000086000000, 0x0000000086100000, 0x0000000086100000|100%| O|  |TAMS 0x0000000086100000, 0x0000000086000000| Updating 
|  33|0x0000000086100000, 0x0000000086200000, 0x0000000086200000|100%| O|  |TAMS 0x0000000086200000, 0x0000000086100000| Updating 
|  34|0x0000000086200000, 0x0000000086300000, 0x0000000086300000|100%| O|  |TAMS 0x0000000086300000, 0x0000000086200000| Updating 
|  35|0x0000000086300000, 0x0000000086300000, 0x0000000086400000|  0%| F|  |TAMS 0x0000000086300000, 0x0000000086300000| Untracked 
|  36|0x0000000086400000, 0x0000000086400000, 0x0000000086500000|  0%| F|  |TAMS 0x0000000086400000, 0x0000000086400000| Untracked 
|  37|0x0000000086500000, 0x0000000086600000, 0x0000000086600000|100%| O|  |TAMS 0x0000000086600000, 0x0000000086500000| Updating 
|  38|0x0000000086600000, 0x0000000086700000, 0x0000000086700000|100%| O|  |TAMS 0x0000000086700000, 0x0000000086600000| Updating 
|  39|0x0000000086700000, 0x0000000086800000, 0x0000000086800000|100%| O|  |TAMS 0x0000000086800000, 0x0000000086700000| Updating 
|  40|0x0000000086800000, 0x0000000086900000, 0x0000000086900000|100%| O|  |TAMS 0x00000000868b9600, 0x0000000086800000| Updating 
|  41|0x0000000086900000, 0x0000000086a00000, 0x0000000086a00000|100%| O|  |TAMS 0x0000000086900000, 0x0000000086900000| Untracked 
|  42|0x0000000086a00000, 0x0000000086a14400, 0x0000000086b00000|  7%| O|  |TAMS 0x0000000086a00000, 0x0000000086a00000| Updating 
|  43|0x0000000086b00000, 0x0000000086b00000, 0x0000000086c00000|  0%| F|  |TAMS 0x0000000086b00000, 0x0000000086b00000| Untracked 
|  44|0x0000000086c00000, 0x0000000086c00000, 0x0000000086d00000|  0%| F|  |TAMS 0x0000000086c00000, 0x0000000086c00000| Untracked 
|  45|0x0000000086d00000, 0x0000000086d00000, 0x0000000086e00000|  0%| F|  |TAMS 0x0000000086d00000, 0x0000000086d00000| Untracked 
|  46|0x0000000086e00000, 0x0000000086e00000, 0x0000000086f00000|  0%| F|  |TAMS 0x0000000086e00000, 0x0000000086e00000| Untracked 
|  47|0x0000000086f00000, 0x0000000086f00000, 0x0000000087000000|  0%| F|  |TAMS 0x0000000086f00000, 0x0000000086f00000| Untracked 
|  48|0x0000000087000000, 0x0000000087000000, 0x0000000087100000|  0%| F|  |TAMS 0x0000000087000000, 0x0000000087000000| Untracked 
|  49|0x0000000087100000, 0x0000000087100000, 0x0000000087200000|  0%| F|  |TAMS 0x0000000087100000, 0x0000000087100000| Untracked 
|  50|0x0000000087200000, 0x0000000087200000, 0x0000000087300000|  0%| F|  |TAMS 0x0000000087200000, 0x0000000087200000| Untracked 
|  51|0x0000000087300000, 0x0000000087300000, 0x0000000087400000|  0%| F|  |TAMS 0x0000000087300000, 0x0000000087300000| Untracked 
|  52|0x0000000087400000, 0x0000000087400000, 0x0000000087500000|  0%| F|  |TAMS 0x0000000087400000, 0x0000000087400000| Untracked 
|  53|0x0000000087500000, 0x0000000087500000, 0x0000000087600000|  0%| F|  |TAMS 0x0000000087500000, 0x0000000087500000| Untracked 
|  54|0x0000000087600000, 0x0000000087600000, 0x0000000087700000|  0%| F|  |TAMS 0x0000000087600000, 0x0000000087600000| Untracked 
|  55|0x0000000087700000, 0x0000000087700000, 0x0000000087800000|  0%| F|  |TAMS 0x0000000087700000, 0x0000000087700000| Untracked 
|  56|0x0000000087800000, 0x0000000087900000, 0x0000000087900000|100%| S|CS|TAMS 0x0000000087800000, 0x0000000087800000| Complete 
|  57|0x0000000087900000, 0x0000000087a00000, 0x0000000087a00000|100%| S|CS|TAMS 0x0000000087900000, 0x0000000087900000| Complete 
|  58|0x0000000087a00000, 0x0000000087a00000, 0x0000000087b00000|  0%| F|  |TAMS 0x0000000087a00000, 0x0000000087a00000| Untracked 
|  59|0x0000000087b00000, 0x0000000087b00000, 0x0000000087c00000|  0%| F|  |TAMS 0x0000000087b00000, 0x0000000087b00000| Untracked 
|  60|0x0000000087c00000, 0x0000000087c00000, 0x0000000087d00000|  0%| F|  |TAMS 0x0000000087c00000, 0x0000000087c00000| Untracked 
|  61|0x0000000087d00000, 0x0000000087d00000, 0x0000000087e00000|  0%| F|  |TAMS 0x0000000087d00000, 0x0000000087d00000| Untracked 
|  62|0x0000000087e00000, 0x0000000087ebb340, 0x0000000087f00000| 73%| E|  |TAMS 0x0000000087e00000, 0x0000000087e00000| Complete 
|  63|0x0000000087f00000, 0x0000000088000000, 0x0000000088000000|100%| E|CS|TAMS 0x0000000087f00000, 0x0000000087f00000| Complete 
|  64|0x0000000088000000, 0x0000000088100000, 0x0000000088100000|100%| E|CS|TAMS 0x0000000088000000, 0x0000000088000000| Complete 
|  65|0x0000000088100000, 0x0000000088200000, 0x0000000088200000|100%| E|CS|TAMS 0x0000000088100000, 0x0000000088100000| Complete 
|  66|0x0000000088200000, 0x0000000088300000, 0x0000000088300000|100%| E|CS|TAMS 0x0000000088200000, 0x0000000088200000| Complete 
|  67|0x0000000088300000, 0x0000000088400000, 0x0000000088400000|100%| E|CS|TAMS 0x0000000088300000, 0x0000000088300000| Complete 
|  68|0x0000000088400000, 0x0000000088500000, 0x0000000088500000|100%| E|CS|TAMS 0x0000000088400000, 0x0000000088400000| Complete 
|  69|0x0000000088500000, 0x0000000088600000, 0x0000000088600000|100%| E|CS|TAMS 0x0000000088500000, 0x0000000088500000| Complete 
|  70|0x0000000088600000, 0x0000000088700000, 0x0000000088700000|100%| E|  |TAMS 0x0000000088600000, 0x0000000088600000| Complete 
|  71|0x0000000088700000, 0x0000000088800000, 0x0000000088800000|100%| E|CS|TAMS 0x0000000088700000, 0x0000000088700000| Complete 
|  72|0x0000000088800000, 0x0000000088900000, 0x0000000088900000|100%| E|CS|TAMS 0x0000000088800000, 0x0000000088800000| Complete 
| 123|0x000000008bb00000, 0x000000008bc00000, 0x000000008bc00000|100%| E|CS|TAMS 0x000000008bb00000, 0x000000008bb00000| Complete 

Card table byte_map: [0x0000022b232b0000,0x0000022b23690000] _byte_map_base: 0x0000022b22e90000

Marking Bits (Prev, Next): (CMBitMap*) 0x0000022b09d58560, (CMBitMap*) 0x0000022b09d585a0
 Prev Bits: [0x0000022b23a70000, 0x0000022b25970000)
 Next Bits: [0x0000022b25970000, 0x0000022b27870000)

Polling page: 0x0000022b09dc0000

Metaspace:

Usage:
  Non-class:     55.16 MB used.
      Class:      8.17 MB used.
       Both:     63.33 MB used.

Virtual space:
  Non-class space:       64.00 MB reserved,      55.44 MB ( 87%) committed,  1 nodes.
      Class space:        1.00 GB reserved,       8.44 MB ( <1%) committed,  1 nodes.
             Both:        1.06 GB reserved,      63.88 MB (  6%) committed. 

Chunk freelists:
   Non-Class:  348.00 KB
       Class:  3.48 MB
        Both:  3.82 MB

MaxMetaspaceSize: unlimited
CompressedClassSpaceSize: 1.00 GB
Initial GC threshold: 21.00 MB
Current GC threshold: 106.25 MB
CDS: on
MetaspaceReclaimPolicy: balanced
 - commit_granule_bytes: 65536.
 - commit_granule_words: 8192.
 - virtual_space_node_default_size: 8388608.
 - enlarge_chunks_in_place: 1.
 - new_chunks_are_fully_committed: 0.
 - uncommit_free_chunks: 1.
 - use_allocation_guard: 0.


Internal statistics:

num_allocs_failed_limit: 6.
num_arena_births: 640.
num_arena_deaths: 0.
num_vsnodes_births: 2.
num_vsnodes_deaths: 0.
num_space_committed: 1022.
num_space_uncommitted: 0.
num_chunks_returned_to_freelist: 6.
num_chunks_taken_from_freelist: 2839.
num_chunk_merges: 6.
num_chunk_splits: 2082.
num_chunks_enlarged: 1712.
num_inconsistent_stats: 0.

CodeHeap 'non-profiled nmethods': size=120000Kb used=3496Kb max_used=3496Kb free=116503Kb
 bounds [0x0000022b1af20000, 0x0000022b1b290000, 0x0000022b22450000]
CodeHeap 'profiled nmethods': size=120000Kb used=13050Kb max_used=13050Kb free=106949Kb
 bounds [0x0000022b13450000, 0x0000022b14110000, 0x0000022b1a980000]
CodeHeap 'non-nmethods': size=5760Kb used=1436Kb max_used=1502Kb free=4323Kb
 bounds [0x0000022b1a980000, 0x0000022b1abf0000, 0x0000022b1af20000]
 total_blobs=6580 nmethods=5913 adapters=577
 compilation: enabled
              stopped_count=0, restarted_count=0
 full_count=0

Compilation events (20 events):
Event: 6.812 Thread 0x0000022b2a323800 6710       1       nonapi.io.github.classgraph.fastzipfilereader.NestedJarHandler$RecyclableInflater::getInflater (5 bytes)
Event: 6.812 Thread 0x0000022b2a323800 nmethod 6710 0x0000022b1b287090 code [0x0000022b1b287220, 0x0000022b1b2872d8]
Event: 6.812 Thread 0x0000022b2a323800 6711       1       nonapi.io.github.classgraph.fastzipfilereader.NestedJarHandler::access$200 (5 bytes)
Event: 6.812 Thread 0x0000022b2a323800 nmethod 6711 0x0000022b1b287390 code [0x0000022b1b287520, 0x0000022b1b2875d8]
Event: 6.812 Thread 0x0000022b2a323800 6712       1       nonapi.io.github.classgraph.fastzipfilereader.PhysicalZipFile::getPathStr (5 bytes)
Event: 6.812 Thread 0x0000022b2a323800 nmethod 6712 0x0000022b1b287690 code [0x0000022b1b287820, 0x0000022b1b2878d8]
Event: 6.823 Thread 0x0000022b2a323800 6714 % !   3       nonapi.io.github.classgraph.fastzipfilereader.LogicalZipFile::readCentralDirectory @ 1477 (3373 bytes)
Event: 6.834 Thread 0x0000022b2e698390 nmethod 6647 0x0000022b1b287990 code [0x0000022b1b287be0, 0x0000022b1b289168]
Event: 6.834 Thread 0x0000022b2e698390 6607 %     4       nonapi.io.github.classgraph.fastzipfilereader.LogicalZipFile::parseManifest @ 967 (1070 bytes)
Event: 6.852 Thread 0x0000022b2a323800 nmethod 6714% 0x0000022b140e8790 code [0x0000022b140eab80, 0x0000022b141023d8]
Event: 6.852 Thread 0x0000022b2a323800 6715       2       jdk.internal.misc.Unsafe::weakCompareAndSetReference (11 bytes)
Event: 6.852 Thread 0x0000022b2a323800 nmethod 6715 0x0000022b1410df10 code [0x0000022b1410e0a0, 0x0000022b1410e218]
Event: 6.852 Thread 0x0000022b2a323800 6717       2       io.github.classgraph.ClasspathElementZip::hashCode (8 bytes)
Event: 6.853 Thread 0x0000022b2a323800 nmethod 6717 0x0000022b1410e290 code [0x0000022b1410e440, 0x0000022b1410e578]
Event: 6.853 Thread 0x0000022b2a323800 6719       2       java.io.RandomAccessFile::<init> (262 bytes)
Event: 6.854 Thread 0x0000022b2a323800 nmethod 6719 0x0000022b1410e690 code [0x0000022b1410e940, 0x0000022b1410f278]
Event: 6.854 Thread 0x0000022b2a323800 6720       2       java.io.RandomAccessFile::<init> (8 bytes)
Event: 6.855 Thread 0x0000022b2a323800 nmethod 6720 0x0000022b1410f790 code [0x0000022b1410f940, 0x0000022b1410fa68]
Event: 6.855 Thread 0x0000022b2a323800 6722       2       java.util.concurrent.atomic.AtomicInteger::decrementAndGet (14 bytes)
Event: 6.855 Thread 0x0000022b2a323800 nmethod 6722 0x0000022b1410fb10 code [0x0000022b1410fca0, 0x0000022b1410fdb8]

GC Heap History (20 events):
Event: 5.487 GC heap before
{Heap before GC invocations=14 (full 0):
 garbage-first heap   total 51200K, used 39911K [0x0000000084000000, 0x0000000100000000)
  region size 1024K, 19 young (19456K), 3 survivors (3072K)
 Metaspace       used 55769K, committed 56192K, reserved 1114112K
  class space    used 7209K, committed 7424K, reserved 1048576K
}
Event: 5.490 GC heap after
{Heap after GC invocations=15 (full 0):
 garbage-first heap   total 51200K, used 24714K [0x0000000084000000, 0x0000000100000000)
  region size 1024K, 2 young (2048K), 2 survivors (2048K)
 Metaspace       used 55769K, committed 56192K, reserved 1114112K
  class space    used 7209K, committed 7424K, reserved 1048576K
}
Event: 5.727 GC heap before
{Heap before GC invocations=15 (full 0):
 garbage-first heap   total 51200K, used 41098K [0x0000000084000000, 0x0000000100000000)
  region size 1024K, 18 young (18432K), 2 survivors (2048K)
 Metaspace       used 58041K, committed 58432K, reserved 1114112K
  class space    used 7495K, committed 7680K, reserved 1048576K
}
Event: 5.729 GC heap after
{Heap after GC invocations=16 (full 0):
 garbage-first heap   total 51200K, used 25698K [0x0000000084000000, 0x0000000100000000)
  region size 1024K, 3 young (3072K), 3 survivors (3072K)
 Metaspace       used 58041K, committed 58432K, reserved 1114112K
  class space    used 7495K, committed 7680K, reserved 1048576K
}
Event: 5.845 GC heap before
{Heap before GC invocations=17 (full 0):
 garbage-first heap   total 51200K, used 41058K [0x0000000084000000, 0x0000000100000000)
  region size 1024K, 18 young (18432K), 3 survivors (3072K)
 Metaspace       used 58901K, committed 59328K, reserved 1114112K
  class space    used 7613K, committed 7808K, reserved 1048576K
}
Event: 5.847 GC heap after
{Heap after GC invocations=18 (full 0):
 garbage-first heap   total 51200K, used 26474K [0x0000000084000000, 0x0000000100000000)
  region size 1024K, 2 young (2048K), 2 survivors (2048K)
 Metaspace       used 58901K, committed 59328K, reserved 1114112K
  class space    used 7613K, committed 7808K, reserved 1048576K
}
Event: 6.046 GC heap before
{Heap before GC invocations=18 (full 0):
 garbage-first heap   total 51200K, used 39786K [0x0000000084000000, 0x0000000100000000)
  region size 1024K, 16 young (16384K), 2 survivors (2048K)
 Metaspace       used 60423K, committed 60864K, reserved 1114112K
  class space    used 7808K, committed 8000K, reserved 1048576K
}
Event: 6.049 GC heap after
{Heap after GC invocations=19 (full 0):
 garbage-first heap   total 61440K, used 27443K [0x0000000084000000, 0x0000000100000000)
  region size 1024K, 2 young (2048K), 2 survivors (2048K)
 Metaspace       used 60423K, committed 60864K, reserved 1114112K
  class space    used 7808K, committed 8000K, reserved 1048576K
}
Event: 6.394 GC heap before
{Heap before GC invocations=20 (full 0):
 garbage-first heap   total 61440K, used 48947K [0x0000000084000000, 0x0000000100000000)
  region size 1024K, 23 young (23552K), 2 survivors (2048K)
 Metaspace       used 62961K, committed 63424K, reserved 1114112K
  class space    used 8168K, committed 8384K, reserved 1048576K
}
Event: 6.396 GC heap after
{Heap after GC invocations=21 (full 0):
 garbage-first heap   total 61440K, used 29312K [0x0000000084000000, 0x0000000100000000)
  region size 1024K, 3 young (3072K), 3 survivors (3072K)
 Metaspace       used 62961K, committed 63424K, reserved 1114112K
  class space    used 8168K, committed 8384K, reserved 1048576K
}
Event: 6.617 GC heap before
{Heap before GC invocations=21 (full 0):
 garbage-first heap   total 61440K, used 49792K [0x0000000084000000, 0x0000000100000000)
  region size 1024K, 23 young (23552K), 3 survivors (3072K)
 Metaspace       used 64629K, committed 65216K, reserved 1114112K
  class space    used 8348K, committed 8640K, reserved 1048576K
}
Event: 6.622 GC heap after
{Heap after GC invocations=22 (full 0):
 garbage-first heap   total 61440K, used 34294K [0x0000000084000000, 0x0000000100000000)
  region size 1024K, 3 young (3072K), 3 survivors (3072K)
 Metaspace       used 64629K, committed 65216K, reserved 1114112K
  class space    used 8348K, committed 8640K, reserved 1048576K
}
Event: 6.678 GC heap before
{Heap before GC invocations=22 (full 0):
 garbage-first heap   total 61440K, used 47606K [0x0000000084000000, 0x0000000100000000)
  region size 1024K, 17 young (17408K), 3 survivors (3072K)
 Metaspace       used 64671K, committed 65216K, reserved 1114112K
  class space    used 8348K, committed 8640K, reserved 1048576K
}
Event: 6.681 GC heap after
{Heap after GC invocations=23 (full 0):
 garbage-first heap   total 61440K, used 36348K [0x0000000084000000, 0x0000000100000000)
  region size 1024K, 3 young (3072K), 3 survivors (3072K)
 Metaspace       used 64671K, committed 65216K, reserved 1114112K
  class space    used 8348K, committed 8640K, reserved 1048576K
}
Event: 6.775 GC heap before
{Heap before GC invocations=24 (full 0):
 garbage-first heap   total 75776K, used 48636K [0x0000000084000000, 0x0000000100000000)
  region size 1024K, 15 young (15360K), 3 survivors (3072K)
 Metaspace       used 64815K, committed 65408K, reserved 1114112K
  class space    used 8361K, committed 8640K, reserved 1048576K
}
Event: 6.780 GC heap after
{Heap after GC invocations=25 (full 0):
 garbage-first heap   total 75776K, used 40414K [0x0000000084000000, 0x0000000100000000)
  region size 1024K, 2 young (2048K), 2 survivors (2048K)
 Metaspace       used 64815K, committed 65408K, reserved 1114112K
  class space    used 8361K, committed 8640K, reserved 1048576K
}
Event: 6.784 GC heap before
{Heap before GC invocations=25 (full 0):
 garbage-first heap   total 75776K, used 41438K [0x0000000084000000, 0x0000000100000000)
  region size 1024K, 3 young (3072K), 2 survivors (2048K)
 Metaspace       used 64816K, committed 65408K, reserved 1114112K
  class space    used 8361K, committed 8640K, reserved 1048576K
}
Event: 6.787 GC heap after
{Heap after GC invocations=26 (full 0):
 garbage-first heap   total 75776K, used 41486K [0x0000000084000000, 0x0000000100000000)
  region size 1024K, 1 young (1024K), 1 survivors (1024K)
 Metaspace       used 64816K, committed 65408K, reserved 1114112K
  class space    used 8361K, committed 8640K, reserved 1048576K
}
Event: 6.814 GC heap before
{Heap before GC invocations=26 (full 0):
 garbage-first heap   total 75776K, used 56846K [0x0000000084000000, 0x0000000100000000)
  region size 1024K, 16 young (16384K), 1 survivors (1024K)
 Metaspace       used 64841K, committed 65408K, reserved 1114112K
  class space    used 8361K, committed 8640K, reserved 1048576K
}
Event: 6.817 GC heap after
{Heap after GC invocations=27 (full 0):
 garbage-first heap   total 75776K, used 44113K [0x0000000084000000, 0x0000000100000000)
  region size 1024K, 2 young (2048K), 2 survivors (2048K)
 Metaspace       used 64841K, committed 65408K, reserved 1114112K
  class space    used 8361K, committed 8640K, reserved 1048576K
}

Dll operation events (14 events):
Event: 0.008 Loaded shared library C:\Program Files\Java\jdk-19\bin\java.dll
Event: 0.018 Loaded shared library C:\Program Files\Java\jdk-19\bin\jsvml.dll
Event: 0.138 Loaded shared library C:\Program Files\Java\jdk-19\bin\zip.dll
Event: 0.141 Loaded shared library C:\Program Files\Java\jdk-19\bin\instrument.dll
Event: 0.147 Loaded shared library C:\Program Files\Java\jdk-19\bin\net.dll
Event: 0.150 Loaded shared library C:\Program Files\Java\jdk-19\bin\nio.dll
Event: 0.156 Loaded shared library C:\Program Files\Java\jdk-19\bin\zip.dll
Event: 0.275 Loaded shared library C:\Program Files\JetBrains\IntelliJ IDEA Community Edition 2022.3.2\bin\breakgen64.dll
Event: 0.282 Loaded shared library C:\Program Files\Java\jdk-19\bin\extnet.dll
Event: 0.304 Loaded shared library C:\Program Files\Java\jdk-19\bin\verify.dll
Event: 0.310 Loaded shared library C:\Program Files\Java\jdk-19\bin\jimage.dll
Event: 0.634 Loaded shared library C:\Program Files\Java\jdk-19\bin\management.dll
Event: 0.636 Loaded shared library C:\Program Files\Java\jdk-19\bin\management_ext.dll
Event: 3.434 Loaded shared library C:\Program Files\Java\jdk-19\bin\sunmscapi.dll

Deoptimization events (20 events):
Event: 6.752 Thread 0x0000022b2ec38470 DEOPT PACKING pc=0x0000022b1b10e858 sp=0x000000d8681fd900
Event: 6.752 Thread 0x0000022b2ec38470 DEOPT UNPACKING pc=0x0000022b1a9ea5a3 sp=0x000000d8681fd888 mode 2
Event: 6.752 Thread 0x0000022b2ec38470 Uncommon trap: trap_request=0xffffffc6 fr.pc=0x0000022b1b10e8ac relative=0x000000000000124c
Event: 6.752 Thread 0x0000022b2ec38470 Uncommon trap: reason=bimorphic_or_optimized_type_check action=maybe_recompile pc=0x0000022b1b10e8ac method=java.util.Properties$LineReader.readLine()I @ 70 c2
Event: 6.752 Thread 0x0000022b2ec38470 DEOPT PACKING pc=0x0000022b1b10e8ac sp=0x000000d8681fd900
Event: 6.752 Thread 0x0000022b2ec38470 DEOPT UNPACKING pc=0x0000022b1a9ea5a3 sp=0x000000d8681fd888 mode 2
Event: 6.787 Thread 0x0000022b31fcc9e0 Uncommon trap: trap_request=0xffffff45 fr.pc=0x0000022b1b12722c relative=0x00000000000001ec
Event: 6.787 Thread 0x0000022b31fcc9e0 Uncommon trap: reason=unstable_if action=reinterpret pc=0x0000022b1b12722c method=java.util.concurrent.ConcurrentHashMap.addCount(JI)V @ 34 c2
Event: 6.787 Thread 0x0000022b31fcc9e0 DEOPT PACKING pc=0x0000022b1b12722c sp=0x000000d8696fe670
Event: 6.787 Thread 0x0000022b31fcc9e0 DEOPT UNPACKING pc=0x0000022b1a9ea5a3 sp=0x000000d8696fe5b0 mode 2
Event: 6.792 Thread 0x0000022b31fca4b0 DEOPT PACKING pc=0x0000022b14087b19 sp=0x000000d8692fee80
Event: 6.792 Thread 0x0000022b31fca4b0 DEOPT UNPACKING pc=0x0000022b1a9eb0e3 sp=0x000000d8692fe5b0 mode 0
Event: 6.794 Thread 0x0000022b31fcc490 DEOPT PACKING pc=0x0000022b14087b19 sp=0x000000d8695fef80
Event: 6.794 Thread 0x0000022b31fcc490 DEOPT UNPACKING pc=0x0000022b1a9eb0e3 sp=0x000000d8695fe6b0 mode 0
Event: 6.801 Thread 0x0000022b31fcb4a0 DEOPT PACKING pc=0x0000022b14087b19 sp=0x000000d8691fea80
Event: 6.801 Thread 0x0000022b31fcb4a0 DEOPT UNPACKING pc=0x0000022b1a9eb0e3 sp=0x000000d8691fe1b0 mode 0
Event: 6.818 Thread 0x0000022b31fcc490 DEOPT PACKING pc=0x0000022b13e4c64b sp=0x000000d8695fe910
Event: 6.818 Thread 0x0000022b31fcc490 DEOPT UNPACKING pc=0x0000022b1a9eb0e3 sp=0x000000d8695fde20 mode 0
Event: 6.851 Thread 0x0000022b31fc84d0 DEOPT PACKING pc=0x0000022b14087b19 sp=0x000000d869efed70
Event: 6.851 Thread 0x0000022b31fc84d0 DEOPT UNPACKING pc=0x0000022b1a9eb0e3 sp=0x000000d869efe4a0 mode 0

Classes loaded (20 events):
Event: 6.518 Loading class java/lang/StackStreamFactory$FrameBuffer done
Event: 6.518 Loading class java/lang/StackStreamFactory$StackFrameTraverser$StackFrameBuffer done
Event: 6.522 Loading class java/lang/LayerInstantiationException
Event: 6.522 Loading class java/lang/LayerInstantiationException done
Event: 6.522 Loading class jdk/internal/loader/Loader
Event: 6.523 Loading class jdk/internal/loader/Loader done
Event: 6.534 Loading class java/io/IOError
Event: 6.534 Loading class java/io/IOError done
Event: 6.547 Loading class java/util/AbstractMap$SimpleEntry
Event: 6.547 Loading class java/util/AbstractMap$SimpleEntry done
Event: 6.576 Loading class java/nio/channels/spi/AbstractInterruptibleChannel$1
Event: 6.576 Loading class sun/nio/ch/Interruptible
Event: 6.576 Loading class sun/nio/ch/Interruptible done
Event: 6.576 Loading class java/nio/channels/spi/AbstractInterruptibleChannel$1 done
Event: 6.577 Loading class java/nio/ReadOnlyBufferException
Event: 6.577 Loading class java/nio/ReadOnlyBufferException done
Event: 6.579 Loading class java/util/zip/DataFormatException
Event: 6.579 Loading class java/util/zip/DataFormatException done
Event: 6.739 Loading class java/util/concurrent/atomic/Striped64$Cell
Event: 6.739 Loading class java/util/concurrent/atomic/Striped64$Cell done

Classes unloaded (0 events):
No events

Classes redefined (0 events):
No events

Internal exceptions (20 events):
Event: 6.042 Thread 0x0000022b2ec38470 Exception <a 'java/lang/ClassNotFoundException'{0x00000000864c8cf8}: org/springframework/beans/factory/AwareCustomizer> (0x00000000864c8cf8) 
thrown [s\open\src\hotspot\share\classfile\systemDictionary.cpp, line 255]
Event: 6.042 Thread 0x0000022b2ec38470 Exception <a 'java/lang/ClassNotFoundException'{0x00000000864cc6e8}: org/springframework/beans/factory/BeanClassLoaderAwareCustomizer> (0x00000000864cc6e8) 
thrown [s\open\src\hotspot\share\classfile\systemDictionary.cpp, line 255]
Event: 6.043 Thread 0x0000022b2ec38470 Exception <a 'java/lang/ClassNotFoundException'{0x00000000864d0c18}: org/springframework/beans/factory/AwareCustomizer> (0x00000000864d0c18) 
thrown [s\open\src\hotspot\share\classfile\systemDictionary.cpp, line 255]
Event: 6.085 Thread 0x0000022b2ec38470 Implicit null exception at 0x0000022b1b01b43d to 0x0000022b1b01b506
Event: 6.174 Thread 0x0000022b2ec38470 Exception <a 'java/lang/ClassNotFoundException'{0x00000000884efcf0}: java/lang/ObjectCustomizer> (0x00000000884efcf0) 
thrown [s\open\src\hotspot\share\classfile\systemDictionary.cpp, line 255]
Event: 6.174 Thread 0x0000022b2ec38470 Exception <a 'java/lang/ClassNotFoundException'{0x00000000884f72c0}: org/springframework/security/config/annotation/web/configuration/HttpSecurityConfigurationCustomizer> (0x00000000884f72c0) 
thrown [s\open\src\hotspot\share\classfile\systemDictionary.cpp, line 255]
Event: 6.186 Thread 0x0000022b2ec38470 Exception <a 'java/lang/ClassNotFoundException'{0x00000000883a0108}: java/lang/ObjectCustomizer> (0x00000000883a0108) 
thrown [s\open\src\hotspot\share\classfile\systemDictionary.cpp, line 255]
Event: 6.187 Thread 0x0000022b2ec38470 Exception <a 'java/lang/ClassNotFoundException'{0x00000000883a6f20}: org/springframework/data/auditing/AuditingHandlerSupportCustomizer> (0x00000000883a6f20) 
thrown [s\open\src\hotspot\share\classfile\systemDictionary.cpp, line 255]
Event: 6.187 Thread 0x0000022b2ec38470 Exception <a 'java/lang/ClassNotFoundException'{0x00000000883ae2a8}: org/springframework/data/auditing/AuditingHandlerCustomizer> (0x00000000883ae2a8) 
thrown [s\open\src\hotspot\share\classfile\systemDictionary.cpp, line 255]
Event: 6.188 Thread 0x0000022b2ec38470 Exception <a 'java/lang/ClassNotFoundException'{0x00000000883bc258}: org/springframework/beans/factory/InitializingBeanCustomizer> (0x00000000883bc258) 
thrown [s\open\src\hotspot\share\classfile\systemDictionary.cpp, line 255]
Event: 6.194 Thread 0x0000022b2ec38470 Implicit null exception at 0x0000022b1b08525a to 0x0000022b1b085438
Event: 6.199 Thread 0x0000022b2ec38470 Exception <a 'java/lang/ClassNotFoundException'{0x000000008742d7b0}: java/lang/ObjectCustomizer> (0x000000008742d7b0) 
thrown [s\open\src\hotspot\share\classfile\systemDictionary.cpp, line 255]
Event: 6.200 Thread 0x0000022b2ec38470 Exception <a 'java/lang/ClassNotFoundException'{0x0000000087434d68}: com/pacewisdom/admin/utility/AuditModelCustomizer> (0x0000000087434d68) 
thrown [s\open\src\hotspot\share\classfile\systemDictionary.cpp, line 255]
Event: 6.200 Thread 0x0000022b2ec38470 Exception <a 'java/lang/ClassNotFoundException'{0x0000000087439a10}: com/pacewisdom/admin/Entity/SkillCustomizer> (0x0000000087439a10) 
thrown [s\open\src\hotspot\share\classfile\systemDictionary.cpp, line 255]
Event: 6.338 Thread 0x0000022b2ec38470 Exception <a 'java/lang/NoSuchMethodError'{0x000000008693d640}: 'void java.lang.invoke.DirectMethodHandle$Holder.invokeVirtual(java.lang.Object, java.lang.Object, long)'> (0x000000008693d640) 
thrown [s\open\src\hotspot\share\interpreter\linkResolver.cpp, line 774]
Event: 6.479 Thread 0x0000022b2ec38470 Exception <a 'java/lang/IncompatibleClassChangeError'{0x00000000886ad428}: Found class java.lang.Object, but interface was expected> (0x00000000886ad428) 
thrown [s\open\src\hotspot\share\interpreter\linkResolver.cpp, line 841]
Event: 6.500 Thread 0x0000022b2ec38470 Exception <a 'java/lang/NoSuchMethodError'{0x00000000885c6fa8}: method resolution failed> (0x00000000885c6fa8) 
thrown [s\open\src\hotspot\share\prims\methodHandles.cpp, line 1268]
Event: 6.517 Thread 0x0000022b2ec38470 Exception <a 'java/lang/NoSuchMethodError'{0x00000000884b7910}: method resolution failed> (0x00000000884b7910) 
thrown [s\open\src\hotspot\share\prims\methodHandles.cpp, line 1268]
Event: 6.520 Thread 0x0000022b2ec38470 Exception <a 'java/lang/NoSuchMethodError'{0x00000000884ddd70}: 'boolean java.lang.reflect.AccessibleObject.canAccess(java.lang.Object, java.lang.Class)'> (0x00000000884ddd70) 
thrown [s\open\src\hotspot\share\interpreter\linkResolver.cpp, line 774]
Event: 6.550 Thread 0x0000022b2ec38470 Exception <a 'java/lang/NoSuchMethodError'{0x000000008740da20}: 'boolean java.lang.reflect.AccessibleObject.trySetAccessible(java.lang.Class)'> (0x000000008740da20) 
thrown [s\open\src\hotspot\share\interpreter\linkResolver.cpp, line 774]

VM Operations (20 events):
Event: 6.440 Executing VM operation: HandshakeAllThreads done
Event: 6.486 Executing VM operation: HandshakeAllThreads
Event: 6.486 Executing VM operation: HandshakeAllThreads done
Event: 6.617 Executing VM operation: G1CollectForAllocation
Event: 6.623 Executing VM operation: G1CollectForAllocation done
Event: 6.678 Executing VM operation: G1CollectForAllocation
Event: 6.683 Executing VM operation: G1CollectForAllocation done
Event: 6.721 Executing VM operation: G1PauseRemark
Event: 6.727 Executing VM operation: G1PauseRemark done
Event: 6.742 Executing VM operation: G1PauseCleanup
Event: 6.742 Executing VM operation: G1PauseCleanup done
Event: 6.743 Executing VM operation: HandshakeAllThreads
Event: 6.743 Executing VM operation: HandshakeAllThreads done
Event: 6.775 Executing VM operation: G1CollectForAllocation
Event: 6.783 Executing VM operation: G1CollectForAllocation done
Event: 6.784 Executing VM operation: G1CollectForAllocation
Event: 6.787 Executing VM operation: G1CollectForAllocation done
Event: 6.814 Executing VM operation: G1CollectForAllocation
Event: 6.819 Executing VM operation: G1CollectForAllocation done
Event: 6.858 Executing VM operation: G1PauseRemark

Events (20 events):
Event: 6.751 Thread 0x0000022b321f86d0 Thread exited: 0x0000022b321f86d0
Event: 6.751 Thread 0x0000022b321f51b0 Thread exited: 0x0000022b321f51b0
Event: 6.751 Thread 0x0000022b321f61a0 Thread exited: 0x0000022b321f61a0
Event: 6.751 Thread 0x0000022b321f9c10 Thread exited: 0x0000022b321f9c10
Event: 6.751 Thread 0x0000022b321f5c50 Thread exited: 0x0000022b321f5c50
Event: 6.751 Thread 0x0000022b321fa160 Thread exited: 0x0000022b321fa160
Event: 6.768 Thread 0x0000022b31fcb4a0 Thread added: 0x0000022b31fcb4a0
Event: 6.769 Thread 0x0000022b31fca4b0 Thread added: 0x0000022b31fca4b0
Event: 6.769 Thread 0x0000022b31fc6a40 Thread added: 0x0000022b31fc6a40
Event: 6.769 Thread 0x0000022b31fcdf20 Thread added: 0x0000022b31fcdf20
Event: 6.769 Thread 0x0000022b31fcc490 Thread added: 0x0000022b31fcc490
Event: 6.769 Thread 0x0000022b31fcc9e0 Thread added: 0x0000022b31fcc9e0
Event: 6.769 Thread 0x0000022b31fcaa00 Thread added: 0x0000022b31fcaa00
Event: 6.769 Thread 0x0000022b31fc8a20 Thread added: 0x0000022b31fc8a20
Event: 6.770 Thread 0x0000022b31fc9a10 Thread added: 0x0000022b31fc9a10
Event: 6.770 Thread 0x0000022b31fccf30 Thread added: 0x0000022b31fccf30
Event: 6.771 Thread 0x0000022b31fc8f70 Thread added: 0x0000022b31fc8f70
Event: 6.771 Thread 0x0000022b31fc9f60 Thread added: 0x0000022b31fc9f60
Event: 6.771 Thread 0x0000022b31fc6f90 Thread added: 0x0000022b31fc6f90
Event: 6.772 Thread 0x0000022b31fc84d0 Thread added: 0x0000022b31fc84d0


Dynamic libraries:
0x00007ff662cf0000 - 0x00007ff662d00000 	C:\Program Files\Java\jdk-19\bin\java.exe
0x00007ffcebc80000 - 0x00007ffcebe87000 	C:\WINDOWS\SYSTEM32\ntdll.dll
0x00007ffcea3d0000 - 0x00007ffcea48d000 	C:\WINDOWS\System32\KERNEL32.DLL
0x00007ffce9500000 - 0x00007ffce9872000 	C:\WINDOWS\System32\KERNELBASE.dll
0x00007ffce92c0000 - 0x00007ffce93d1000 	C:\WINDOWS\System32\ucrtbase.dll
0x00007ffcc8ff0000 - 0x00007ffcc900b000 	C:\Program Files\Java\jdk-19\bin\VCRUNTIME140.dll
0x00007ffcc7790000 - 0x00007ffcc77a8000 	C:\Program Files\Java\jdk-19\bin\jli.dll
0x00007ffcea490000 - 0x00007ffcea53c000 	C:\WINDOWS\System32\ADVAPI32.dll
0x00007ffcea2a0000 - 0x00007ffcea343000 	C:\WINDOWS\System32\msvcrt.dll
0x00007ffceab70000 - 0x00007ffceac0d000 	C:\WINDOWS\System32\sechost.dll
0x00007ffce9c50000 - 0x00007ffce9d71000 	C:\WINDOWS\System32\RPCRT4.dll
0x00007ffceb520000 - 0x00007ffceb6cc000 	C:\WINDOWS\System32\USER32.dll
0x00007ffce94d0000 - 0x00007ffce94f6000 	C:\WINDOWS\System32\win32u.dll
0x00007ffcce9c0000 - 0x00007ffccec65000 	C:\WINDOWS\WinSxS\amd64_microsoft.windows.common-controls_6595b64144ccf1df_6.0.21996.1_none_7d6b053978bcd706\COMCTL32.dll
0x00007ffcebc10000 - 0x00007ffcebc39000 	C:\WINDOWS\System32\GDI32.dll
0x00007ffce91a0000 - 0x00007ffce92b2000 	C:\WINDOWS\System32\gdi32full.dll
0x00007ffce9880000 - 0x00007ffce991d000 	C:\WINDOWS\System32\msvcp_win.dll
0x00007ffce12e0000 - 0x00007ffce12ea000 	C:\WINDOWS\SYSTEM32\VERSION.dll
0x00007ffce9c10000 - 0x00007ffce9c41000 	C:\WINDOWS\System32\IMM32.DLL
0x00007ffccbec0000 - 0x00007ffccbecc000 	C:\Program Files\Java\jdk-19\bin\vcruntime140_1.dll
0x00007ffcb3790000 - 0x00007ffcb381e000 	C:\Program Files\Java\jdk-19\bin\msvcp140.dll
0x00007ffc74a10000 - 0x00007ffc756d0000 	C:\Program Files\Java\jdk-19\bin\server\jvm.dll
0x00007ffcc79e0000 - 0x00007ffcc79e9000 	C:\WINDOWS\SYSTEM32\WSOCK32.dll
0x00007ffce1610000 - 0x00007ffce1643000 	C:\WINDOWS\SYSTEM32\WINMM.dll
0x00007ffcea540000 - 0x00007ffcea5af000 	C:\WINDOWS\System32\WS2_32.dll
0x00007ffce82d0000 - 0x00007ffce82e7000 	C:\WINDOWS\SYSTEM32\kernel.appcore.dll
0x00007ffccb250000 - 0x00007ffccb25a000 	C:\Program Files\Java\jdk-19\bin\jimage.dll
0x00007ffce6c80000 - 0x00007ffce6ea1000 	C:\WINDOWS\SYSTEM32\DBGHELP.DLL
0x00007ffcd2a70000 - 0x00007ffcd2aa1000 	C:\WINDOWS\SYSTEM32\dbgcore.DLL
0x00007ffce9450000 - 0x00007ffce94d0000 	C:\WINDOWS\System32\bcryptPrimitives.dll
0x00007ffce1600000 - 0x00007ffce160e000 	C:\Program Files\Java\jdk-19\bin\instrument.dll
0x00007ffcb80f0000 - 0x00007ffcb8116000 	C:\Program Files\Java\jdk-19\bin\java.dll
0x00007ffcae170000 - 0x00007ffcae247000 	C:\Program Files\Java\jdk-19\bin\jsvml.dll
0x00007ffceadb0000 - 0x00007ffceb519000 	C:\WINDOWS\System32\SHELL32.dll
0x00007ffce7360000 - 0x00007ffce7bb8000 	C:\WINDOWS\SYSTEM32\windows.storage.dll
0x00007ffce9f20000 - 0x00007ffcea295000 	C:\WINDOWS\System32\combase.dll
0x00007ffce71f0000 - 0x00007ffce7356000 	C:\WINDOWS\SYSTEM32\wintypes.dll
0x00007ffcebb20000 - 0x00007ffcebc0a000 	C:\WINDOWS\System32\SHCORE.dll
0x00007ffceaab0000 - 0x00007ffceab0d000 	C:\WINDOWS\System32\shlwapi.dll
0x00007ffce90d0000 - 0x00007ffce90f1000 	C:\WINDOWS\SYSTEM32\profapi.dll
0x00007ffcb5560000 - 0x00007ffcb5578000 	C:\Program Files\Java\jdk-19\bin\zip.dll
0x00007ffcbfd60000 - 0x00007ffcbfd73000 	C:\Program Files\Java\jdk-19\bin\net.dll
0x00007ffce13d0000 - 0x00007ffce14dc000 	C:\WINDOWS\SYSTEM32\WINHTTP.dll
0x00007ffce86e0000 - 0x00007ffce8747000 	C:\WINDOWS\system32\mswsock.dll
0x00007ffcbb450000 - 0x00007ffcbb466000 	C:\Program Files\Java\jdk-19\bin\nio.dll
0x00007ffce0eb0000 - 0x00007ffce0eca000 	C:\Program Files\JetBrains\IntelliJ IDEA Community Edition 2022.3.2\bin\breakgen64.dll
0x00007ffcc8fe0000 - 0x00007ffcc8fe8000 	C:\Program Files\Java\jdk-19\bin\extnet.dll
0x00007ffcc7680000 - 0x00007ffcc7690000 	C:\Program Files\Java\jdk-19\bin\verify.dll
0x00007ffce15f0000 - 0x00007ffce15fa000 	C:\Program Files\Java\jdk-19\bin\management.dll
0x00007ffce0ea0000 - 0x00007ffce0eab000 	C:\Program Files\Java\jdk-19\bin\management_ext.dll
0x00007ffceaa90000 - 0x00007ffceaa98000 	C:\WINDOWS\System32\PSAPI.DLL
0x00007ffccd390000 - 0x00007ffccd3a7000 	C:\WINDOWS\system32\napinsp.dll
0x00007ffccd330000 - 0x00007ffccd34b000 	C:\WINDOWS\system32\pnrpnsp.dll
0x00007ffce7e40000 - 0x00007ffce7f25000 	C:\WINDOWS\SYSTEM32\DNSAPI.dll
0x00007ffce7e10000 - 0x00007ffce7e3d000 	C:\WINDOWS\SYSTEM32\IPHLPAPI.DLL
0x00007ffceaaa0000 - 0x00007ffceaaa9000 	C:\WINDOWS\System32\NSI.dll
0x00007ffccd220000 - 0x00007ffccd232000 	C:\WINDOWS\System32\winrnr.dll
0x00007ffce12f0000 - 0x00007ffce1305000 	C:\WINDOWS\system32\wshbth.dll
0x00007ffccd200000 - 0x00007ffccd21f000 	C:\WINDOWS\system32\nlansp_c.dll
0x00007ffcda960000 - 0x00007ffcda96a000 	C:\Windows\System32\rasadhlp.dll
0x00007ffcde1d0000 - 0x00007ffcde251000 	C:\WINDOWS\System32\fwpuclnt.dll
0x00007ffce8920000 - 0x00007ffce8938000 	C:\WINDOWS\SYSTEM32\CRYPTSP.dll
0x00007ffce8230000 - 0x00007ffce8265000 	C:\WINDOWS\system32\rsaenh.dll
0x00007ffce87d0000 - 0x00007ffce87f9000 	C:\WINDOWS\SYSTEM32\USERENV.dll
0x00007ffce8aa0000 - 0x00007ffce8ac7000 	C:\WINDOWS\SYSTEM32\bcrypt.dll
0x00007ffce8940000 - 0x00007ffce894c000 	C:\WINDOWS\SYSTEM32\CRYPTBASE.dll
0x00007ffce15b0000 - 0x00007ffce15c9000 	C:\WINDOWS\SYSTEM32\dhcpcsvc6.DLL
0x00007ffce17c0000 - 0x00007ffce17de000 	C:\WINDOWS\SYSTEM32\dhcpcsvc.DLL
0x00007ffcd9500000 - 0x00007ffcd950e000 	C:\Program Files\Java\jdk-19\bin\sunmscapi.dll
0x00007ffce9920000 - 0x00007ffce9a85000 	C:\WINDOWS\System32\CRYPT32.dll
0x00007ffce8a70000 - 0x00007ffce8a98000 	C:\WINDOWS\SYSTEM32\ncrypt.dll
0x00007ffce8a30000 - 0x00007ffce8a67000 	C:\WINDOWS\SYSTEM32\NTASN1.dll

dbghelp: loaded successfully - version: 4.0.5 - missing functions: none
symbol engine: initialized successfully - sym options: 0x614 - pdb path: .;C:\Program Files\Java\jdk-19\bin;C:\WINDOWS\SYSTEM32;C:\WINDOWS\WinSxS\amd64_microsoft.windows.common-controls_6595b64144ccf1df_6.0.21996.1_none_7d6b053978bcd706;C:\Program Files\Java\jdk-19\bin\server;C:\Program Files\JetBrains\IntelliJ IDEA Community Edition 2022.3.2\bin

VM Arguments:
jvm_args: -javaagent:C:\Program Files\JetBrains\IntelliJ IDEA Community Edition 2022.3.2\lib\idea_rt.jar=53886:C:\Program Files\JetBrains\IntelliJ IDEA Community Edition 2022.3.2\bin -Dfile.encoding=UTF-8 -Dsun.stdout.encoding=UTF-8 -Dsun.stderr.encoding=UTF-8 
java_command: com.pacewisdom.admin.AdminApplication
java_class_path (initial): C:\Users\Chandu\Desktop\Durgesh Spring\Practice\admin\target\classes;C:\Users\Chandu\.m2\repository\org\springframework\boot\spring-boot-starter-data-jpa\2.7.9\spring-boot-starter-data-jpa-2.7.9.jar;C:\Users\Chandu\.m2\repository\org\springframework\boot\spring-boot-starter-aop\2.7.9\spring-boot-starter-aop-2.7.9.jar;C:\Users\Chandu\.m2\repository\org\aspectj\aspectjweaver\1.9.7\aspectjweaver-1.9.7.jar;C:\Users\Chandu\.m2\repository\org\springframework\boot\spring-boot-starter-jdbc\2.7.9\spring-boot-starter-jdbc-2.7.9.jar;C:\Users\Chandu\.m2\repository\com\zaxxer\HikariCP\4.0.3\HikariCP-4.0.3.jar;C:\Users\Chandu\.m2\repository\org\springframework\spring-jdbc\5.3.25\spring-jdbc-5.3.25.jar;C:\Users\Chandu\.m2\repository\jakarta\transaction\jakarta.transaction-api\1.3.3\jakarta.transaction-api-1.3.3.jar;C:\Users\Chandu\.m2\repository\jakarta\persistence\jakarta.persistence-api\2.2.3\jakarta.persistence-api-2.2.3.jar;C:\Users\Chandu\.m2\repository\org\hibernate\hibernate-core\5.6.15.Final\hibernate-core-5.6.15.Final.jar;C:\Users\Chandu\.m2\repository\org\jboss\logging\jboss-logging\3.4.3.Final\jboss-logging-3.4.3.Final.jar;C:\Users\Chandu\.m2\repository\net\bytebuddy\byte-buddy\1.12.23\byte-buddy-1.12.23.jar;C:\Users\Chandu\.m2\repository\antlr\antlr\2.7.7\antlr-2.7.7.jar;C:\Users\Chandu\.m2\repository\org\jboss\jandex\2.4.2.Final\jandex-2.4.2.Final.jar;C:\Users\Chandu\.m2\repository\com\fasterxml\classmate\1.5.1\classmate-1.5.1.jar;C:\Users\Chandu\.m2\repository\org\hibernate\common\hibernate-commons-annotations\5.1.2.Final\hibernate-commons-annotations-5.1.2.Final.jar;C:\Users\Chandu\.m2\repository\org\glassfish\jaxb\jaxb-runtime\2.3.8\jaxb-runtime-2.3.8.jar;C:\Users\Chandu\.m2\repository\org\glassfish\jaxb\txw2\2.3.8\txw2-2.3.8.jar;C:\Users\Chandu\.m2\repository\com\sun\istack\istack-commons-runtime\3.0.12\istack-commons-runtime-3.0.12.jar;C:\Users\Chandu\.m2\repository\org\springframework\data\spring-data-jpa\2.7.8\spring-data-jpa-2.7.8.jar;C:\Users\Chandu\.m2\repository\org\springframework\data\spring-data-commons\2.7.8\spring-data-commons-2.7.8.jar;C:\Users\Chandu\.m2\repository\org\springframework\spring-orm\5.3.25\spring-orm-5.3.25.jar;C:\Users\Chandu\.m2\repository\org\springframework\spring-tx\5.3.25\spring-tx-5.3.25.jar;C:\Users\Chandu\.m2\repository\org\slf4j\slf4j-api\1.7.36\slf4j-api-1.7.36.jar;C:\Users\Chandu\.m2\repository\org\springframework\spring-aspects\5.3.25\spring-aspects-5.3.25.jar;C:\Users\Chandu\.m2\repository\org\springframework\security\spring-security-core\5.8.1\spring-security-core-5.8.1.jar;C:\Users\Chandu\.m2\repository\org\springframework\security\spring-security-crypto\5.7.7\spring-security-crypto-5.7.7.jar;C:\Users\Chandu\.m2\repository\org\springframework\spring-aop\5.3.25\spring-aop-5.3.25.jar;C:\Users\Chandu\.m2\repository\org\springframework\spring-beans\5.3.25\spring-beans-5.3.25.jar;C:\Users\Chandu\.m2\repository\org\springframework\spring-context\5.3.25\spring-context-5.3.25.jar;C:\Users\Chandu\.m2\repository\org\springframework\spring-core\5.3.25\spring-core-5.3.25.jar;C:\Users\Chandu\.m2\repository\org\springframework\spring-jcl\5.3.25\spring-jcl-5.3.25.jar;C:\Users\Chandu\.m2\repository\org\springframework\spring-expression\5.3.25\spring-expression-5.3.25.jar;C:\Users\Chandu\.m2\repository\org\springframework\boot\spring-boot-starter-web\2.7.9\spring-boot-starter-web-2.7.9.jar;C:\Users\Chandu\.m2\repository\org\springframework\boot\spring-boot-starter\2.7.9\spring-boot-starter-2.7.9.jar;C:\Users\Chandu\.m2\repository\org\springframework\boot\spring-boot-starter-logging\2.7.9\spring-boot-starter-logging-2.7.9.jar;C:\Users\Chandu\.m2\repository\ch\qos\logback\logback-classic\1.2.11\logback-classic-1.2.11.jar;C:\Users\Chandu\.m2\repository\ch\qos\logback\logback-core\1.2.11\logback-core-1.2.11.jar;C:\Users\Chandu\.m2\repository\org\apache\logging\log4j\log4j-to-slf4j\2.17.2\log4j-to-slf4j-2.17.2.jar;C:\Users\Chandu\.m2\repository\org\apache\logging\log4j\log4j-api\2.17.2\log4j-api-2.17.2.jar;C:\Users\Chandu\.m2\repository\org\slf4j\jul-to-slf4j\1.7.36\jul-to-slf4j-1.7.36.jar;C:\Users\Chandu\.m2\repository\jakarta\annotation\jakarta.annotation-api\1.3.5\jakarta.annotation-api-1.3.5.jar;C:\Users\Chandu\.m2\repository\org\yaml\snakeyaml\1.30\snakeyaml-1.30.jar;C:\Users\Chandu\.m2\repository\org\springframework\boot\spring-boot-starter-json\2.7.9\spring-boot-starter-json-2.7.9.jar;C:\Users\Chandu\.m2\repository\com\fasterxml\jackson\datatype\jackson-datatype-jdk8\2.13.5\jackson-datatype-jdk8-2.13.5.jar;C:\Users\Chandu\.m2\repository\com\fasterxml\jackson\datatype\jackson-datatype-jsr310\2.13.5\jackson-datatype-jsr310-2.13.5.jar;C:\Users\Chandu\.m2\repository\com\fasterxml\jackson\module\jackson-module-parameter-names\2.13.5\jackson-module-parameter-names-2.13.5.jar;C:\Users\Chandu\.m2\repository\org\springframework\boot\spring-boot-starter-tomcat\2.7.9\spring-boot-starter-tomcat-2.7.9.jar;C:\Users\Chandu\.m2\repository\org\apache\tomcat\embed\tomcat-embed-core\9.0.71\tomcat-embed-core-9.0.71.jar;C:\Users\Chandu\.m2\repository\org\apache\tomcat\embed\tomcat-embed-el\9.0.71\tomcat-embed-el-9.0.71.jar;C:\Users\Chandu\.m2\repository\org\apache\tomcat\embed\tomcat-embed-websocket\9.0.71\tomcat-embed-websocket-9.0.71.jar;C:\Users\Chandu\.m2\repository\org\springframework\spring-web\5.3.25\spring-web-5.3.25.jar;C:\Users\Chandu\.m2\repository\org\springframework\spring-webmvc\5.3.25\spring-webmvc-5.3.25.jar;C:\Users\Chandu\.m2\repository\org\postgresql\postgresql\42.3.8\postgresql-42.3.8.jar;C:\Users\Chandu\.m2\repository\org\checkerframework\checker-qual\3.5.0\checker-qual-3.5.0.jar;C:\Users\Chandu\.m2\repository\org\springframework\boot\spring-boot-devtools\2.7.9\spring-boot-devtools-2.7.9.jar;C:\Users\Chandu\.m2\repository\org\springframework\boot\spring-boot\2.7.9\spring-boot-2.7.9.jar;C:\Users\Chandu\.m2\repository\org\springframework\boot\spring-boot-autoconfigure\2.7.9\spring-boot-autoconfigure-2.7.9.jar;C:\Users\Chandu\.m2\repository\com\mysql\mysql-connector-j\8.0.32\mysql-connector-j-8.0.32.jar;C:\Users\Chandu\.m2\repository\org\projectlombok\lombok\1.18.26\lombok-1.18.26.jar;C:\Users\Chandu\.m2\repository\jakarta\xml\bind\jakarta.xml.bind-api\2.3.3\jakarta.xml.bind-api-2.3.3.jar;C:\Users\Chandu\.m2\repository\jakarta\activation\jakarta.activation-api\1.2.2\jakarta.activation-api-1.2.2.jar;C:\Users\Chandu\.m2\repository\org\springdoc\springdoc-openapi-webflux-ui\1.6.4\springdoc-openapi-webflux-ui-1.6.4.jar;C:\Users\Chandu\.m2\repository\org\springdoc\springdoc-openapi-webflux-core\1.6.4\springdoc-openapi-webflux-core-1.6.4.jar;C:\Users\Chandu\.m2\repository\org\springdoc\springdoc-openapi-common\1.6.4\springdoc-openapi-common-1.6.4.jar;C:\Users\Chandu\.m2\repository\io\swagger\core\v3\swagger-core\2.1.12\swagger-core-2.1.12.jar;C:\Users\Chandu\.m2\repository\org\apache\commons\commons-lang3\3.12.0\commons-lang3-3.12.0.jar;C:\Users\Chandu\.m2\repository\com\fasterxml\jackson\dataformat\jackson-dataformat-yaml\2.13.5\jackson-dataformat-yaml-2.13.5.jar;C:\Users\Chandu\.m2\repository\io\swagger\core\v3\swagger-annotations\2.1.12\swagger-annotations-2.1.12.jar;C:\Users\Chandu\.m2\repository\io\swagger\core\v3\swagger-models\2.1.12\swagger-models-2.1.12.jar;C:\Users\Chandu\.m2\repository\jakarta\validation\jakarta.validation-api\2.0.2\jakarta.validation-api-2.0.2.jar;C:\Users\Chandu\.m2\repository\org\springframework\spring-webflux\5.3.25\spring-webflux-5.3.25.jar;C:\Users\Chandu\.m2\repository\io\projectreactor\reactor-core\3.4.27\reactor-core-3.4.27.jar;C:\Users\Chandu\.m2\repository\org\reactivestreams\reactive-streams\1.0.4\reactive-streams-1.0.4.jar;C:\Users\Chandu\.m2\repository\org\webjars\swagger-ui\4.1.3\swagger-ui-4.1.3.jar;C:\Users\Chandu\.m2\repository\org\webjars\webjars-locator-core\0.50\webjars-locator-core-0.50.jar;C:\Users\Chandu\.m2\repository\com\fasterxml\jackson\core\jackson-core\2.13.5\jackson-core-2.13.5.jar;C:\Users\Chandu\.m2\repository\io\github\classgraph\classgraph\4.8.138\classgraph-4.8.138.jar;C:\Users\Chandu\.m2\repository\org\springdoc\springdoc-openapi-ui\1.6.4\springdoc-openapi-ui-1.6.4.jar;C:\Users\Chandu\.m2\repository\org\springdoc\springdoc-openapi-webmvc-core\1.6.4\springdoc-openapi-webmvc-core-1.6.4.jar;C:\Users\Chandu\.m2\repository\io\jsonwebtoken\jjwt\0.9.1\jjwt-0.9.1.jar;C:\Users\Chandu\.m2\repository\com\fasterxml\jackson\core\jackson-databind\2.13.5\jackson-databind-2.13.5.jar;C:\Users\Chandu\.m2\repository\com\fasterxml\jackson\core\jackson-annotations\2.13.5\jackson-annotations-2.13.5.jar;C:\Users\Chandu\.m2\repository\org\springframework\security\spring-security-web\5.7.7\spring-security-web-5.7.7.jar;C:\Users\Chandu\.m2\repository\org\springframework\security\spring-security-config\5.7.7\spring-security-config-5.7.7.jar;C:\Users\Chandu\.m2\repository\org\springframework\boot\spring-boot-starter-mail\2.7.9\spring-boot-starter-mail-2.7.9.jar;C:\Users\Chandu\.m2\repository\org\springframework\spring-context-support\5.3.25\spring-context-support-5.3.25.jar;C:\Users\Chandu\.m2\repository\com\sun\mail\jakarta.mail\1.6.7\jakarta.mail-1.6.7.jar;C:\Users\Chandu\.m2\repository\com\sun\activation\jakarta.activation\1.2.2\jakarta.activation-1.2.2.jar
Launcher Type: SUN_STANDARD

[Global flags]
     intx CICompilerCount                          = 4                                         {product} {ergonomic}
     uint ConcGCThreads                            = 2                                         {product} {ergonomic}
     uint G1ConcRefinementThreads                  = 8                                         {product} {ergonomic}
   size_t G1HeapRegionSize                         = 1048576                                   {product} {ergonomic}
    uintx GCDrainStackTargetSize                   = 64                                        {product} {ergonomic}
   size_t InitialHeapSize                          = 130023424                                 {product} {ergonomic}
   size_t MarkStackSize                            = 4194304                                   {product} {ergonomic}
   size_t MaxHeapSize                              = 2080374784                                {product} {ergonomic}
   size_t MaxNewSize                               = 1247805440                                {product} {ergonomic}
   size_t MinHeapDeltaBytes                        = 1048576                                   {product} {ergonomic}
   size_t MinHeapSize                              = 8388608                                   {product} {ergonomic}
    uintx NonNMethodCodeHeapSize                   = 5839372                                {pd product} {ergonomic}
    uintx NonProfiledCodeHeapSize                  = 122909434                              {pd product} {ergonomic}
    uintx ProfiledCodeHeapSize                     = 122909434                              {pd product} {ergonomic}
    uintx ReservedCodeCacheSize                    = 251658240                              {pd product} {ergonomic}
     bool SegmentedCodeCache                       = true                                      {product} {ergonomic}
   size_t SoftMaxHeapSize                          = 2080374784                             {manageable} {ergonomic}
     bool UseCompressedClassPointers               = true                           {product lp64_product} {ergonomic}
     bool UseCompressedOops                        = true                           {product lp64_product} {ergonomic}
     bool UseG1GC                                  = true                                      {product} {ergonomic}
     bool UseLargePagesIndividualAllocation        = false                                  {pd product} {ergonomic}

Logging:
Log output configuration:
 #0: stdout all=warning uptime,level,tags foldmultilines=false
 #1: stderr all=off uptime,level,tags foldmultilines=false

Environment Variables:
PATH=C:\Program Files\Common Files\Oracle\Java\javapath;C:\WINDOWS\system32;C:\WINDOWS;C:\WINDOWS\System32\Wbem;C:\WINDOWS\System32\WindowsPowerShell\v1.0\;C:\WINDOWS\System32\OpenSSH\;C:\Program Files\Git\cmd;C:\Program Files\MySQL\MySQL Shell 8.0\bin\;C:\Users\Chandu\AppData\Local\Microsoft\WindowsApps;C:\Program Files\MongoDB\Server\6.0\bin;
USERNAME=Chandu
OS=Windows_NT
PROCESSOR_IDENTIFIER=Intel64 Family 6 Model 126 Stepping 5, GenuineIntel
TMP=C:\Users\Chandu\AppData\Local\Temp
TEMP=C:\Users\Chandu\AppData\Local\Temp



---------------  S Y S T E M  ---------------

OS:
 Windows 10 , 64 bit Build 21996 (10.0.21996.1)
OS uptime: 18 days 1:20 hours

CPU: total 8 (initial active 8) (4 cores per cpu, 2 threads per core) family 6 model 126 stepping 5 microcode 0x86, cx8, cmov, fxsr, ht, mmx, 3dnowpref, sse, sse2, sse3, ssse3, sse4.1, sse4.2, popcnt, lzcnt, tsc, tscinvbit, avx, avx2, aes, erms, clmul, bmi1, bmi2, adx, avx512f, avx512dq, avx512cd, avx512bw, avx512vl, sha, fma, vzeroupper, avx512_vpopcntdq, avx512_vpclmulqdq, avx512_vaes, avx512_vnni, clflush, clflushopt, avx512_vbmi2, avx512_vbmi, rdtscp, rdpid, fsrm, gfni, avx512_bitalg

Memory: 4k page, system-wide physical 7934M (443M free)
TotalPageFile size 23118M (AvailPageFile size 9M)
current process WorkingSet (physical memory assigned to process): 260M, peak: 260M
current process commit charge ("private bytes"): 300M, peak: 316M

vm_info: Java HotSpot(TM) 64-Bit Server VM (19.0.1+10-21) for windows-amd64 JRE (19.0.1+10-21), built on 2022-09-14T12:45:06Z by "mach5one" with MS VC++ 17.1 (VS2022)

END.
